<?xml version="1.0" encoding="UTF-8"?>
<!-- Generated by org.testng.reporters.JUnitReportReporter -->
<testsuite hostname="Cruise" failures="0" tests="5" name="com.sk.testngsamples.PriorityOfExecutionTest" time="0.013" errors="0" timestamp="02 Oct 2021 05:50:09 GMT" skipped="2">
  <testcase classname="com.sk.testngsamples.PriorityOfExecutionTest" name="cTest" time="0.010"/>
  <testcase classname="com.sk.testngsamples.PriorityOfExecutionTest" name="bTest" time="0.001"/>
  <testcase classname="com.sk.testngsamples.PriorityOfExecutionTest" name="eTest" time="0.001">
    <skipped/>
  </testcase> <!-- eTest -->
  <testcase classname="com.sk.testngsamples.PriorityOfExecutionTest" name="aTest" time="0.001"/>
  <testcase classname="com.sk.testngsamples.PriorityOfExecutionTest" name="dTest">
    <skipped/>
  </testcase> <!-- dTest -->
</testsuite> <!-- com.sk.testngsamples.PriorityOfExecutionTest -->
