<?xml version="1.0" encoding="UTF-8"?>
<!-- Generated by org.testng.reporters.JUnitReportReporter -->
<testsuite hostname="Cruise" failures="0" tests="3" name="com.sk.testngsamples.OrderOfExecutionTest" time="0.042" errors="0" timestamp="02 Oct 2021 03:03:17 GMT" skipped="0">
  <testcase classname="com.sk.testngsamples.OrderOfExecutionTest" name="bTest" time="0.014"/>
  <testcase classname="com.sk.testngsamples.OrderOfExecutionTest" name="aTest" time="0.014"/>
  <testcase classname="com.sk.testngsamples.OrderOfExecutionTest" name="cTest" time="0.014"/>
</testsuite> <!-- com.sk.testngsamples.OrderOfExecutionTest -->
