<?xml version="1.0" encoding="UTF-8"?>
<!-- Generated by org.testng.reporters.JUnitReportReporter -->
<testsuite hostname="Cruise" failures="0" tests="1" name="com.sk.testcases.BankManagerLoginTest" time="2.210" errors="0" timestamp="02 Oct 2021 15:37:48 GMT" skipped="0">
  <testcase classname="com.sk.testcases.BankManagerLoginTest" name="bankManagerLoginTest" time="2.210"/>
</testsuite> <!-- com.sk.testcases.BankManagerLoginTest -->
