<?xml version="1.0" encoding="UTF-8"?>
<!-- Generated by org.testng.reporters.JUnitReportReporter -->
<testsuite hostname="Cruise" failures="0" tests="9" name="com.sk.testngsamples.DataProviderTest" time="0.020" errors="0" timestamp="03 Oct 2021 13:36:04 GMT" skipped="0">
  <testcase classname="com.sk.testngsamples.DataProviderTest" name="dataTest2" time="0.001"/>
  <testcase classname="com.sk.testngsamples.DataProviderTest" name="dataTest" time="0.001"/>
  <testcase classname="com.sk.testngsamples.DataProviderTest" name="dataTest3" time="0.002"/>
  <testcase classname="com.sk.testngsamples.DataProviderTest" name="dataTest3" time="0.001"/>
  <testcase classname="com.sk.testngsamples.DataProviderTest" name="dataTest1" time="0.002"/>
  <testcase classname="com.sk.testngsamples.DataProviderTest" name="dataTest2" time="0.001"/>
  <testcase classname="com.sk.testngsamples.DataProviderTest" name="dataTest3" time="0.001"/>
  <testcase classname="com.sk.testngsamples.DataProviderTest" name="dataTest" time="0.008"/>
  <testcase classname="com.sk.testngsamples.DataProviderTest" name="dataTest1" time="0.003"/>
</testsuite> <!-- com.sk.testngsamples.DataProviderTest -->
