<?xml version="1.0" encoding="UTF-8"?>
<!-- Generated by org.testng.reporters.JUnitReportReporter -->
<testsuite hostname="Cruise" failures="0" tests="1" name="com.sk.testngsamples.AnnontationsTest" time="0.008" errors="0" timestamp="02 Oct 2021 07:22:54 GMT" skipped="0">
  <testcase classname="com.sk.testngsamples.AnnontationsTest" name="bTest" time="0.008"/>
</testsuite> <!-- com.sk.testngsamples.AnnontationsTest -->
