<?xml version="1.0" encoding="UTF-8"?>
<!-- Generated by org.testng.reporters.JUnitReportReporter -->
<testsuite hostname="Cruise" failures="0" tests="1" name="LoginTest" time="5.149" errors="0" timestamp="13 Oct 2020 14:00:21 GMT" skipped="0">
  <testcase classname="LoginTest" name="doLogin" time="5.149"/>
</testsuite> <!-- LoginTest -->
