<?xml version="1.0" encoding="UTF-8"?>
<!-- Generated by org.testng.reporters.JUnitReportReporter -->
<testsuite hostname="Cruise" failures="0" tests="6" name="com.sk.testngsamples.DependsTest" time="0.032" errors="0" timestamp="03 Oct 2021 12:02:33 GMT" skipped="0">
  <testcase classname="com.sk.testngsamples.DependsTest" name="aTest" time="0.001"/>
  <testcase classname="com.sk.testngsamples.DependsTest" name="dTest" time="0.017"/>
  <testcase classname="com.sk.testngsamples.DependsTest" name="cTest" time="0.011"/>
  <testcase classname="com.sk.testngsamples.DependsTest" name="eTest" time="0.001"/>
  <testcase classname="com.sk.testngsamples.DependsTest" name="fTest" time="0.001"/>
  <testcase classname="com.sk.testngsamples.DependsTest" name="bTest" time="0.001"/>
</testsuite> <!-- com.sk.testngsamples.DependsTest -->
